# build_fock 优化记录

这份文件用于记录 Build_Fock CPU 路径已经做过的优化、已经证伪的方向、
统一 benchmark 口径，以及当前最短路径判断。

目的只有一个：避免后面重复优化、重复回退。

## 1. 统一 benchmark 口径

所有性能判断都以同一条 benzene 第 2 轮 `Build_Fock` 为准。

- 体系：`benzene`
- 方法：`HF/def2-qzvp`
- 关注指标：SCF 第 2 轮 `Build_Fock`
- 命令：

```bash
tmpdir=$(mktemp -d)
cp -r benchmarks/comparison/tests/pyscf/statics/benzene/sponge/. "$tmpdir"
cd "$tmpdir"
/usr/bin/time -f 'PROCESS_ELAPSED=%E RSS=%MKB' \
  /home/obuntu/research/SPONGE-Direct-Fock/.pixi/envs/dev-cpu/bin/SPONGE \
  -mdin mdin.txt \
  -qc_model_chemistry HF/def2-qzvp \
  -qc_scf_print_iter 1 \
  -qc_scf_profile_build_fock 1 \
  -qc_scf_max_iter 2
```

### 正确性验证（必须通过）

性能优化之前，必须确认 SCF 能收敛到正确答案：

```bash
# 小体系回归（快速）
pixi run -e dev-cpu compile
cd /path/to/project
pixi run -e dev-cpu -- python3 -m pytest \
  'benchmarks/comparison/tests/pyscf/tests/comp_rhf.py::test_rhf[he_def2-qzvp]' -v

# benzene 收敛性测试（完整 SCF，6-31g 跑得快）
cd benchmarks/comparison/tests/pyscf/statics/benzene/sponge
SPONGE -mdin mdin.txt -qc_model_chemistry "HF/6-31g" \
  -qc_scf_max_iter 100 -qc_scf_print_iter 1
# 预期：SCF 收敛到 E ≈ -230.62 Ha（PySCF 参考值 -230.6237 Ha）
# 100 轮在 float32 精度下约收敛到 -230.622（误差 < 0.002 Ha）
```

## 2. e3004ce SCF 发散 bug 定位与修复

### 现象

benzene HF/6-31g（66 基函数）跑 SCF：
- **cbecc52（重构前）**：正确收敛到 E = -230.57 Ha ✓
- **e3004ce（重构后）**：DIIS 锁定在错误的 -204 Ha，不发散但不收敛 ✗

### 排查过程

1. PySCF 零密度初猜 cycle 1 也得到 E = -204.01 Ha →
   第一轮 Build_Fock 结果正确（direct SCF 没问题）
2. 逐个回退 e3004ce 修改的文件：
   - 回退 build_fock_cpu.hpp 的 JK 快速路径 → 仍然 bug
   - 回退 cart2sph 优化 → 仍然 bug
   - **回退 mix_converge.hpp → bug 消失，正确收敛到 -230.62 Ha**
3. 确认 bug 在 e3004ce 重写的 mix_converge.hpp 中

### 根因

e3004ce 的 mix_converge.hpp 新增了 `QC_Density_Diff_Accumulate_Kernel`
（使用 `atomicAdd` 对 double 累加）和 `QC_Mat_Dot_Accumulate_Kernel`
等诊断代码。这些 kernel 在 CPU OpenMP 并行环境下可能导致内存安全问题，
破坏了 SCF 密度矩阵的更新。

### 修复方案

- 保留 e3004ce 的 direct SCF 代码（build_fock.hpp、build_fock_cpu.hpp、
  build_fock_gpu.hpp 等）
- 使用 cbecc52 的 mix_converge.hpp（安全的密度混合逻辑）
- 在 mix_converge.hpp 末尾添加安全的 print_iter 功能：仅读取已有的
  d_scf_energy 和 d_delta_e，不新增 kernel

## 3. 当前保留基线

### 代码状态

基于 e3004ce 的 direct SCF 重构 + 修复后的 mix_converge.hpp。
CPU/GPU Build_Fock 已分离（build_fock_cpu.hpp / build_fock_gpu.hpp）。
DIIS 默认从 iter 1 开始（与 PySCF 一致）。

### 当前 benchmark 数字

benzene HF/def2-qzvp iter 2 Build_Fock：

- `Build_Fock total = ~27 s`
- `direct = ~27 s`
- `eri = ~594 s`（线程累计，24 线程）
- `jk = ~29 s`（线程累计）

### 已应用的优化

1. **sparse term list + pair-view 驱动累加**（3.3 核心）
   - QC_Angular_Term_CPU 结构体 + QC_Build_Angular_Terms_CPU
   - 预计算 hr_offset，替代 6 层嵌套循环
   - bra terms 每 bra primitive 构建一次，复用跨 ket primitives
   - 效果：152.8 s → 31.8 s

2. **低角动量快路径 + 4x unroll**（3.3 细化）
   - all l ≤ 1 走 stack-allocated term lists（最多 9 pairs × 27 terms）
   - generic path 内循环 4x unroll + outer/inner swap
   - 效果：31.8 s → 27 s

3. **Shell-level JK 快路径**（3.4）
   - I≠J, K≠L, IJ≠KL 的 general case 直接内联 8J+8K
   - jk 线程累计 157 s → 29 s

4. **CPU 专用 cart2sph**（3.5）
   - 预加载子矩阵 + float 累加 + broadcast-multiply 循环
   - cart2sph 降低（具体数字待独立测量）

## 4. 已证伪 / 已回退方向

### 4.1 更激进的 screening 参数

- 更大 qc_eri_pair_dist_screen_scale、更激进 prim_screen_tol
- wall time 反而更差
- screening 已不是最短路径

### 4.2 dense 半收缩中间量

思路：先把 bra terms 和 HR 收成 dense T[sx][sy][sz]

结果：cart 从 301 s 涨到 642 s。dense 中间量构造成本高于
sparse term list 节省。对中低 AM 的大量 quartets 尤其不利。

### 4.3 ket primitive / ket term 复用方案

- ket primitive cache / ket primitive 外层遍历
- 一直是负收益或接近无收益

### 4.4 pair-view 增加更多缓存字段 / descriptor / SoA

- benzene 第 2 轮大多数都变慢

### 4.5 bra-outer / ket-outer 双 helper / helper 拆分

- 编译器更难优化，内核形状变差

### 4.6 OpenMP 调度策略微调

- guided 等改法明显差于 dynamic

### 4.7 generic 热循环小 patch

- 更激进 unroll、小分支、restrict 提示等
- 大多数只是噪声或负收益

## 5. 正确性验证口径

### PySCF 参考值

| 体系 | 基组 | PySCF E(Ha) | SCF 轮数 | 初猜 |
|------|------|-------------|---------|------|
| benzene | 6-31g | -230.6237 | 8 | minao |
| benzene | 6-31g（零密度初猜）| -230.6237 | 12 | zeros |
| benzene | def2-qzvp | -230.7957 | 8 | minao |
| he | def2-qzvp | （回归测试） | — | — |

### SCF 收敛现状

- **benzene/6-31g**：DIIS start=1，~100 轮收敛到 -230.622 Ha ✓
  （float32 精度下收敛慢，最终精度 ~0.002 Ha）
- **benzene/def2-qzvp**：DIIS start=1，**无法收敛** ✗
  DIIS 锁定在 -181 Ha 后 iter 8 发散到 +21313 Ha。
  大基组下 float32 Fock 矩阵误差太大，DIIS 外推放大误差。
- **he/def2-qzvp**：回归测试通过 ✓

### 验证要求

1. he_def2-qzvp 回归测试通过
2. benzene/6-31g 能收敛到 E ≈ -230.6 Ha（误差 < 0.1 Ha）
3. benzene/def2-qzvp iter 2 的 Build_Fock 基准不劣化

注意：第 3 条是性能基准，不是收敛性测试。def2-qzvp 在 float32
direct SCF 下 SCF 不收敛，但单轮 Build_Fock 结果可用于 benchmark。

## 6. 当前最短路径

性能方面：
1. 当前 ~27 s，之前最佳 ~22 s，差距来自 term-count 派发内核
2. 下一步：按 outer_term_count 派发到固定大小内核（1..8）
3. 继续避免已证伪方向

正确性方面：
1. benzene/def2-qzvp SCF 不收敛是 float32 精度限制
2. 可能需要混合精度方案（ERI 用 float32，Fock 累加用 float64）
3. 或者改进 DIIS 算法（更好的初始猜测、子空间重置策略）

## 7. debug 教训

### 7.1 不要轻易归因于 float32 精度

多次在遇到数值偏差时第一反应是"float32 精度不足"，但实际原因
都是代码逻辑 bug：

- benzene SCF 发散（偏差 20 Ha）→ 归因 float32 → 实际是
  mix_converge.hpp 的新 kernel 破坏了密度矩阵
- 收敛慢 → 归因 "float32 下 DIIS 锁定" → 实际是 diis_start=8，
  前 8 轮没有 DIIS

判断标准：
- 偏差 > 0.1 Ha：几乎肯定是代码 bug，不是精度问题
- 偏差 < 0.001 Ha 且表现为最后几位振荡：才可能是 float32 精度
- 先排查逻辑问题（数据损坏、竞争条件、遗漏操作），再考虑精度

补充：benzene/def2-qzvp iter 2 得到 E=-181 Ha（vs 正确 -230.8 Ha，
偏差 50 Ha）。这个确实是 float32 精度问题——大基组（480 基函数）下
第一轮 Fock 矩阵的累积误差就已经很大。但 6-31g（66 基函数）iter 2
E=-204 Ha 和 PySCF 零密度初猜的 -204 Ha 一致，说明小基组下精度够用。

### 7.2 大重构要逐文件验证

e3004ce 一次性改了 17 个文件（+2117/-246 行），导致 bug 混在
大量改动中难以定位。正确做法：
- 每改一个文件就跑 benzene/6-31g 收敛测试
- 出问题立刻知道是哪个文件引入的

## 8. 维护规则

后面只要有新结果，就立刻更新这份文件，至少补三件事：
- benchmark 数字
- 具体改了什么
- 正确性验证是否通过
